{
  "RSpec": {
    "coverage": {
      "/home/favorable-attribute-0709/tic-tac-toe-rb-online-web-sp-000/lib/tic_tac_toe.rb": [
        null,
        null,
        1,
        null,
        null,
        null,
        null,
        null,
        null,
        null,
        null,
        null,
        1,
        8,
        8,
        8,
        8,
        8,
        null,
        null,
        1,
        10,
        null,
        null,
        1,
        9,
        null,
        null,
        1,
        33,
        null,
        null,
        1,
        10,
        null,
        null,
        1,
        8,
        8,
        72,
        6,
        null,
        null,
        8,
        null,
        null,
        1,
        7,
        null,
        null,
        1,
        7,
        7,
        7,
        7,
        6,
        6,
        6,
        null,
        1,
        null,
        null,
        null,
        null,
        null,
        1,
        13,
        94,
        null,
        null,
        null,
        null,
        null,
        1,
        69,
        null,
        null,
        1,
        8,
        null,
        null,
        1,
        3,
        null,
        null,
        1,
        3,
        2,
        null,
        null,
        null,
        1,
        3,
        3,
        4,
        null,
        3,
        0,
        3,
        0,
        null,
        null
      ]
    },
    "timestamp": 1586374183
  }
}
