{
  "RSpec": {
    "coverage": {
      "/home/favorable-attribute-0709/tic-tac-toe-rb-online-web-sp-000/lib/tic_tac_toe.rb": [
        null,
        null,
        1,
        null,
        null,
        null,
        null,
        null,
        null,
        null,
        null,
        null,
        1,
        16,
        16,
        16,
        16,
        16,
        null,
        null,
        1,
        8712,
        null,
        null,
        1,
        17,
        null,
        null,
        1,
        8756,
        null,
        null,
        1,
        8712,
        null,
        null,
        1,
        16,
        16,
        144,
        13,
        null,
        null,
        16,
        null,
        null,
        1,
        15,
        null,
        null,
        1,
        8710,
        8709,
        8709,
        8709,
        14,
        14,
        14,
        null,
        8695,
        null,
        null,
        null,
        null,
        null,
        1,
        18,
        134,
        null,
        null,
        null,
        null,
        null,
        1,
        93,
        null,
        null,
        1,
        9,
        null,
        null,
        1,
        10,
        null,
        null,
        1,
        3,
        2,
        null,
        null,
        null,
        1,
        6,
        13,
        null,
        5,
        1,
        4,
        0,
        null,
        null
      ]
    },
    "timestamp": 1586374655
  }
}
